#
# A fatal error has been detected by the Java Runtime Environment:
#
#  SIGSEGV (0xb) at pc=0x000012344033108f, pid=2140, tid=14083
#
# JRE version: Java(TM) SE Runtime Environment (8.0_20-b23) (build 1.8.0_20-ea-b23)
# Java VM: Java HotSpot(TM) 64-Bit Server VM (25.20-b22 mixed mode bsd-amd64 compressed oops)
# Problematic frame:
# C  [GeForceGLDriver+0x33108f]  gldBlitFramebufferData+0x15ae7
#
# Failed to write core dump. Core dumps have been disabled. To enable core dumping, try "ulimit -c unlimited" before starting Java again
#
# If you would like to submit a bug report, please visit:
#   http://bugreport.sun.com/bugreport/crash.jsp
#

---------------  T H R E A D  ---------------

Current thread is native thread

siginfo: si_signo: 11 (SIGSEGV), si_code: 1 (SEGV_MAPERR), si_addr: 0x00000000000226dc

Registers:
RAX=0x0000000137a92000, RBX=0x0000000133c57000, RCX=0x0000000137ac1ff0, RDX=0x0000000137ab1ff0
RSP=0x000000012815ecd0, RBP=0x000000012815ed40, RSI=0x0000000000000001, RDI=0x0000123441218ab0
R8 =0x0000000000003a03, R9 =0x00000000000010bc, R10=0x00000000000010bc, R11=0x0000000000000206
R12=0x00007fff7b7c7070, R13=0x0000123441229068, R14=0x0000000000000000, R15=0x0000000000000000
RIP=0x000012344033108f, EFLAGS=0x0000000000010206, ERR=0x0000000000000004
  TRAPNO=0x000000000000000e

Top of Stack: (sp=0x000000012815ecd0)
0x000000012815ecd0:   0000123441218ad4 0000123441218ad0
0x000000012815ece0:   0000000000179f67 0000123441218acc
0x000000012815ecf0:   0000123441218ac8 0000123441218ab0
0x000000012815ed00:   0000000000000000 0000000000000000
0x000000012815ed10:   a60096d540b03982 0000000133c57000
0x000000012815ed20:   000000012815f000 00007fb834363400
0x000000012815ed30:   0000123441229068 0000000000000000
0x000000012815ed40:   000000012815ed80 0000123440331331
0x000000012815ed50:   0000000000000000 0000000000000000
0x000000012815ed60:   0000000000000000 0000000000000000
0x000000012815ed70:   0000000133c57000 0000000000000000
0x000000012815ed80:   000000012815edc0 000012344031ba41
0x000000012815ed90:   0000000000000000 0000000133c57000
0x000000012815eda0:   0000000000000028 00007fb83909b3a0
0x000000012815edb0:   00007fb834363400 00007fb835f0d710
0x000000012815edc0:   000000012815ede0 00007fff8a87c746
0x000000012815edd0:   0000000000000000 00007fb839090400
0x000000012815ede0:   000000012815ee20 000000012f08f15a
0x000000012815edf0:   00007fb835f0d710 0000000000000001
0x000000012815ee00:   000000012cd6cdc8 0000000000000000
0x000000012815ee10:   00007fb839090400 0000000000000001
0x000000012815ee20:   000000012815ee60 000000012efca49f
0x000000012815ee30:   0000000000000000 000000012cd6cdc0
0x000000012815ee40:   00007fff7b7d8b40 00007fff7b7d8b80
0x000000012815ee50:   00007fb8344a8c00 00000000000008ff
0x000000012815ee60:   000000012815ee80 00007fff8be51792
0x000000012815ee70:   0000000000000000 00007fff7b7d8b78
0x000000012815ee80:   000000012815eea0 00007fff9020cc13
0x000000012815ee90:   0000000000000000 0000000000000000
0x000000012815eea0:   000000012815ef00 00007fff9020f88f
0x000000012815eeb0:   0000000000000000 0000000000000000
0x000000012815eec0:   0000000000000000 00007fb836813038 

Instructions: (pc=0x000012344033108f)
0x000012344033106f:   8b 28 19 00 00 48 05 00 00 01 00 48 89 83 30 19
0x000012344033107f:   00 00 48 89 8b 38 19 00 00 4c 8b b3 08 19 00 00
0x000012344033108f:   41 83 be dc 26 02 00 ff 75 79 48 8b 7b 40 e8 fe
0x000012344033109f:   92 33 00 c7 45 bc 02 00 00 00 48 8d 4d bc 48 89 

Register to memory mapping:

RAX=0x0000000137a92000 is an unknown value
RBX=0x0000000133c57000 is an unknown value
RCX=0x0000000137ac1ff0 is an unknown value
RDX=0x0000000137ab1ff0 is an unknown value
RSP=0x000000012815ecd0 is an unknown value
RBP=0x000000012815ed40 is an unknown value
RSI=0x0000000000000001 is an unknown value
RDI=0x0000123441218ab0: gldBlitFramebufferData+0xefd508 in /System/Library/Extensions/GeForceGLDriver.bundle/Contents/MacOS/GeForceGLDriver at 0x0000123440000000
R8 =0x0000000000003a03 is an unknown value
R9 =0x00000000000010bc is an unknown value
R10=0x00000000000010bc is an unknown value
R11=0x0000000000000206 is an unknown value
R12=0x00007fff7b7c7070: __stack_chk_guard+0 in /usr/lib/system/libsystem_c.dylib at 0x00007fff90178000
R13=0x0000123441229068: gldBlitFramebufferData+0xf0dac0 in /System/Library/Extensions/GeForceGLDriver.bundle/Contents/MacOS/GeForceGLDriver at 0x0000123440000000
R14=0x0000000000000000 is an unknown value
R15=0x0000000000000000 is an unknown value


Stack: [0x00000001280df000,0x000000012815f000],  sp=0x000000012815ecd0,  free space=511k
Native frames: (J=compiled Java code, j=interpreted, Vv=VM code, C=native code)
C  [GeForceGLDriver+0x33108f]  gldBlitFramebufferData+0x15ae7
C  [GeForceGLDriver+0x331331]  gldBlitFramebufferData+0x15d89
C  [GeForceGLDriver+0x31ba41]  gldBlitFramebufferData+0x499
C  [libGPUSupportMercury.dylib+0x4746]  gldUnbindFramebuffer+0x22
C  [GLEngine+0x11b15a]  gleUnbindAndFreeFramebufferObject+0x6c
C  [GLEngine+0x5649f]  glDeleteFramebuffersEXT_Exec+0x104
C  [QuartzCore+0x8c792]  CA::(anonymous namespace)::AsyncDeletion::callback(void*)+0x2e
C  [libdispatch.dylib+0x1c13]  _dispatch_client_callout+0x8
C  [libdispatch.dylib+0x488f]  _dispatch_root_queue_drain+0x3a7
C  [libdispatch.dylib+0x12fe4]  _dispatch_worker_thread3+0x5b
C  [libsystem_pthread.dylib+0x3637]  _pthread_wqthread+0x2d9
C  [libsystem_pthread.dylib+0x140d]  start_wqthread+0xd


---------------  P R O C E S S  ---------------

VM state:not at safepoint (normal execution)

VM Mutex/Monitor currently owned by a thread: None

Heap:
 PSYoungGen      total 76288K, used 45546K [0x000000076ab00000, 0x0000000774000000, 0x00000007c0000000)
  eden space 65536K, 53% used [0x000000076ab00000,0x000000076ccfdb60,0x000000076eb00000)
  from space 10752K, 99% used [0x000000076f580000,0x000000076fffcfe8,0x0000000770000000)
  to   space 10752K, 0% used [0x000000076eb00000,0x000000076eb00000,0x000000076f580000)
 ParOldGen       total 175104K, used 9596K [0x00000006c0000000, 0x00000006cab00000, 0x000000076ab00000)
  object space 175104K, 5% used [0x00000006c0000000,0x00000006c095f190,0x00000006cab00000)
 Metaspace       used 18336K, capacity 18482K, committed 18816K, reserved 1067008K
  class space    used 1851K, capacity 1880K, committed 1920K, reserved 1048576K

Card table byte_map: [0x000000011b8da000,0x000000011c0db000] byte_map_base: 0x00000001182da000

Marking Bits: (ParMarkBitMap*) 0x000000010be9c290
 Begin Bits: [0x000000011ce49000, 0x0000000120e49000)
 End Bits:   [0x0000000120e49000, 0x0000000124e49000)

Polling page: 0x000000010a594000

CodeCache: size=245760Kb used=4516Kb max_used=4516Kb free=241243Kb
 bounds [0x000000010c51a000, 0x000000010c98a000, 0x000000011b51a000]
 total_blobs=2137 nmethods=1257 adapters=795
 compilation: enabled

Compilation events (10 events):
Event: 3.782 Thread 0x00007fb838009000 1251       1       jogamp.common.util.locks.RecursiveLockImpl01Unfairish$SingleThreadSync::getHoldCount (5 bytes)
Event: 3.782 Thread 0x00007fb838009000 nmethod 1251 0x000000010c9839d0 code [0x000000010c983b20, 0x000000010c983c30]
Event: 3.787 Thread 0x00007fb838009000 1254       3       java.util.LinkedList::linkLast (59 bytes)
Event: 3.788 Thread 0x00007fb838009000 nmethod 1254 0x000000010c983c90 code [0x000000010c983e00, 0x000000010c984150]
Event: 3.788 Thread 0x00007fb838009000 1256       3       sun.awt.SunToolkit::isInstanceOf (71 bytes)
Event: 3.789 Thread 0x00007fb838009000 nmethod 1256 0x000000010c984290 code [0x000000010c984480, 0x000000010c984d68]
Event: 3.789 Thread 0x00007fb838009000 1255       3       java.util.LinkedList$Node::<init> (20 bytes)
Event: 3.789 Thread 0x00007fb838009000 nmethod 1255 0x000000010c9850d0 code [0x000000010c985240, 0x000000010c985430]
Event: 3.789 Thread 0x00007fb838009000 1257       3       java.security.AccessControlContext::calculateFields (89 bytes)
Event: 3.790 Thread 0x00007fb838009000 nmethod 1257 0x000000010c9854d0 code [0x000000010c985660, 0x000000010c985a18]

GC Heap History (4 events):
Event: 2.768 GC heap before
{Heap before GC invocations=1 (full 0):
 PSYoungGen      total 76288K, used 65536K [0x000000076ab00000, 0x0000000770000000, 0x00000007c0000000)
  eden space 65536K, 100% used [0x000000076ab00000,0x000000076eb00000,0x000000076eb00000)
  from space 10752K, 0% used [0x000000076f580000,0x000000076f580000,0x0000000770000000)
  to   space 10752K, 0% used [0x000000076eb00000,0x000000076eb00000,0x000000076f580000)
 ParOldGen       total 175104K, used 0K [0x00000006c0000000, 0x00000006cab00000, 0x000000076ab00000)
  object space 175104K, 0% used [0x00000006c0000000,0x00000006c0000000,0x00000006cab00000)
 Metaspace       used 17599K, capacity 17708K, committed 18048K, reserved 1064960K
  class space    used 1784K, capacity 1815K, committed 1920K, reserved 1048576K
Event: 2.781 GC heap after
Heap after GC invocations=1 (full 0):
 PSYoungGen      total 76288K, used 10737K [0x000000076ab00000, 0x0000000770000000, 0x00000007c0000000)
  eden space 65536K, 0% used [0x000000076ab00000,0x000000076ab00000,0x000000076eb00000)
  from space 10752K, 99% used [0x000000076eb00000,0x000000076f57c4c0,0x000000076f580000)
  to   space 10752K, 0% used [0x000000076f580000,0x000000076f580000,0x0000000770000000)
 ParOldGen       total 175104K, used 863K [0x00000006c0000000, 0x00000006cab00000, 0x000000076ab00000)
  object space 175104K, 0% used [0x00000006c0000000,0x00000006c00d7c08,0x00000006cab00000)
 Metaspace       used 17599K, capacity 17708K, committed 18048K, reserved 1064960K
  class space    used 1784K, capacity 1815K, committed 1920K, reserved 1048576K
}
Event: 3.480 GC heap before
{Heap before GC invocations=2 (full 0):
 PSYoungGen      total 76288K, used 76161K [0x000000076ab00000, 0x0000000770000000, 0x00000007c0000000)
  eden space 65536K, 99% used [0x000000076ab00000,0x000000076eae42c0,0x000000076eb00000)
  from space 10752K, 99% used [0x000000076eb00000,0x000000076f57c4c0,0x000000076f580000)
  to   space 10752K, 0% used [0x000000076f580000,0x000000076f580000,0x0000000770000000)
 ParOldGen       total 175104K, used 863K [0x00000006c0000000, 0x00000006cab00000, 0x000000076ab00000)
  object space 175104K, 0% used [0x00000006c0000000,0x00000006c00d7c08,0x00000006cab00000)
 Metaspace       used 18270K, capacity 18418K, committed 18560K, reserved 1067008K
  class space    used 1851K, capacity 1880K, committed 1920K, reserved 1048576K
Event: 3.495 GC heap after
Heap after GC invocations=2 (full 0):
 PSYoungGen      total 76288K, used 10739K [0x000000076ab00000, 0x0000000774000000, 0x00000007c0000000)
  eden space 65536K, 0% used [0x000000076ab00000,0x000000076ab00000,0x000000076eb00000)
  from space 10752K, 99% used [0x000000076f580000,0x000000076fffcfe8,0x0000000770000000)
  to   space 10752K, 0% used [0x000000076eb00000,0x000000076eb00000,0x000000076f580000)
 ParOldGen       total 175104K, used 9596K [0x00000006c0000000, 0x00000006cab00000, 0x000000076ab00000)
  object space 175104K, 5% used [0x00000006c0000000,0x00000006c095f190,0x00000006cab00000)
 Metaspace       used 18270K, capacity 18418K, committed 18560K, reserved 1067008K
  class space    used 1851K, capacity 1880K, committed 1920K, reserved 1048576K
}

Deoptimization events (0 events):
No events

Internal exceptions (10 events):
Event: 3.384 Thread 0x00007fb83786d800 Exception <a 'java/lang/NullPointerException'> (0x000000076e55e1a0) thrown at [/HUDSON3/workspace/8-2-build-macosx-x86_64/jdk8u20/927.nc/hotspot/src/share/vm/prims/jvm.cpp, line 1279]
Event: 3.496 Thread 0x00007fb83402b800 Exception <a 'java/security/PrivilegedActionException'> (0x000000076ab4ddf0) thrown at [/HUDSON3/workspace/8-2-build-macosx-x86_64/jdk8u20/927.nc/hotspot/src/share/vm/prims/jvm.cpp, line 1275]
Event: 3.660 Thread 0x00007fb83786d800 Exception <a 'java/io/FileNotFoundException'> (0x000000076be77d50) thrown at [/HUDSON3/workspace/8-2-build-macosx-x86_64/jdk8u20/927.nc/hotspot/src/share/vm/prims/jni.cpp, line 716]
Event: 3.661 Thread 0x00007fb83786d800 Exception <a 'java/lang/NullPointerException'> (0x000000076bf685d8) thrown at [/HUDSON3/workspace/8-2-build-macosx-x86_64/jdk8u20/927.nc/hotspot/src/share/vm/interpreter/linkResolver.cpp, line 1268]
Event: 3.661 Thread 0x00007fb83786d800 Exception <a 'java/lang/NullPointerException'> (0x000000076bf68918) thrown at [/HUDSON3/workspace/8-2-build-macosx-x86_64/jdk8u20/927.nc/hotspot/src/share/vm/interpreter/linkResolver.cpp, line 1268]
Event: 3.661 Thread 0x00007fb83786d800 Exception <a 'java/io/FileNotFoundException'> (0x000000076bf692b0) thrown at [/HUDSON3/workspace/8-2-build-macosx-x86_64/jdk8u20/927.nc/hotspot/src/share/vm/prims/jni.cpp, line 716]
Event: 3.661 Thread 0x00007fb83786d800 Exception <a 'java/io/FileNotFoundException'> (0x000000076bf6a120) thrown at [/HUDSON3/workspace/8-2-build-macosx-x86_64/jdk8u20/927.nc/hotspot/src/share/vm/prims/jni.cpp, line 716]
Event: 3.661 Thread 0x00007fb83786d800 Exception <a 'java/io/FileNotFoundException'> (0x000000076bf6ab30) thrown at [/HUDSON3/workspace/8-2-build-macosx-x86_64/jdk8u20/927.nc/hotspot/src/share/vm/prims/jni.cpp, line 716]
Event: 3.764 Thread 0x00007fb83786d800 Exception <a 'java/lang/NullPointerException'> (0x000000076cbca4b0) thrown at [/HUDSON3/workspace/8-2-build-macosx-x86_64/jdk8u20/927.nc/hotspot/src/share/vm/prims/jvm.cpp, line 1279]
Event: 3.764 Thread 0x00007fb83786d800 Exception <a 'java/lang/NullPointerException'> (0x000000076cbca4b0) thrown at [/HUDSON3/workspace/8-2-build-macosx-x86_64/jdk8u20/927.nc/hotspot/src/share/vm/prims/jvm.cpp, line 1279]

Events (10 events):
Event: 3.061 loading class sun/awt/SunToolkit$1
Event: 3.061 loading class sun/awt/SunToolkit$1 done
Event: 3.061 loading class sun/awt/im/InputContext$1
Event: 3.061 loading class sun/awt/im/InputContext$1 done
Event: 3.062 loading class java/awt/SequencedEvent
Event: 3.062 loading class java/awt/SequencedEvent done
Event: 3.480 Executing VM operation: ParallelGCFailedAllocation
Event: 3.495 Executing VM operation: ParallelGCFailedAllocation done
Event: 3.496 loading class processing/opengl/PGraphicsOpenGL$GLResource
Event: 3.496 loading class processing/opengl/PGraphicsOpenGL$GLResource done


Dynamic libraries:
0x000000000a870000 	/System/Library/Frameworks/Cocoa.framework/Versions/A/Cocoa
0x000000000a870000 	/System/Library/Frameworks/Security.framework/Versions/A/Security
0x000000000a870000 	/System/Library/Frameworks/ApplicationServices.framework/Versions/A/ApplicationServices
0x000000000a870000 	/usr/lib/libz.1.dylib
0x000000000a870000 	/usr/lib/libSystem.B.dylib
0x000000000a870000 	/usr/lib/libobjc.A.dylib
0x000000000a870000 	/System/Library/Frameworks/CoreFoundation.framework/Versions/A/CoreFoundation
0x000000000a870000 	/System/Library/Frameworks/Foundation.framework/Versions/C/Foundation
0x000000000a870000 	/System/Library/Frameworks/AppKit.framework/Versions/C/AppKit
0x000000000a870000 	/System/Library/Frameworks/CoreData.framework/Versions/A/CoreData
0x000000000a870000 	/System/Library/PrivateFrameworks/RemoteViewServices.framework/Versions/A/RemoteViewServices
0x000000000a870000 	/System/Library/PrivateFrameworks/UIFoundation.framework/Versions/A/UIFoundation
0x000000000a870000 	/System/Library/Frameworks/IOSurface.framework/Versions/A/IOSurface
0x000000000a870000 	/System/Library/Frameworks/AudioToolbox.framework/Versions/A/AudioToolbox
0x000000000a870000 	/System/Library/Frameworks/AudioUnit.framework/Versions/A/AudioUnit
0x000000000a870000 	/System/Library/PrivateFrameworks/DataDetectorsCore.framework/Versions/A/DataDetectorsCore
0x000000000a870000 	/System/Library/PrivateFrameworks/DesktopServicesPriv.framework/Versions/A/DesktopServicesPriv
0x000000000a870000 	/System/Library/Frameworks/Carbon.framework/Versions/A/Frameworks/HIToolbox.framework/Versions/A/HIToolbox
0x000000000a870000 	/System/Library/Frameworks/QuartzCore.framework/Versions/A/QuartzCore
0x000000000a870000 	/System/Library/Frameworks/Carbon.framework/Versions/A/Frameworks/SpeechRecognition.framework/Versions/A/SpeechRecognition
0x000000000a870000 	/usr/lib/libauto.dylib
0x000000000a870000 	/usr/lib/libicucore.A.dylib
0x000000000a870000 	/usr/lib/libxml2.2.dylib
0x000000000a870000 	/System/Library/PrivateFrameworks/CoreUI.framework/Versions/A/CoreUI
0x000000000a870000 	/System/Library/Frameworks/CoreAudio.framework/Versions/A/CoreAudio
0x000000000a870000 	/System/Library/Frameworks/DiskArbitration.framework/Versions/A/DiskArbitration
0x000000000a870000 	/usr/lib/liblangid.dylib
0x000000000a870000 	/System/Library/PrivateFrameworks/MultitouchSupport.framework/Versions/A/MultitouchSupport
0x000000000a870000 	/System/Library/Frameworks/IOKit.framework/Versions/A/IOKit
0x000000000a870000 	/usr/lib/libDiagnosticMessagesClient.dylib
0x000000000a870000 	/System/Library/Frameworks/CoreServices.framework/Versions/A/CoreServices
0x000000000a870000 	/System/Library/PrivateFrameworks/PerformanceAnalysis.framework/Versions/A/PerformanceAnalysis
0x000000000a870000 	/System/Library/PrivateFrameworks/GenerationalStorage.framework/Versions/A/GenerationalStorage
0x000000000a870000 	/System/Library/Frameworks/OpenGL.framework/Versions/A/OpenGL
0x000000000a870000 	/System/Library/PrivateFrameworks/Sharing.framework/Versions/A/Sharing
0x000000000a870000 	/System/Library/Frameworks/CoreGraphics.framework/Versions/A/CoreGraphics
0x000000000a870000 	/System/Library/Frameworks/CoreText.framework/Versions/A/CoreText
0x000000000a870000 	/System/Library/Frameworks/ImageIO.framework/Versions/A/ImageIO
0x000000000a870000 	/usr/lib/libextension.dylib
0x000000000a870000 	/System/Library/PrivateFrameworks/Backup.framework/Versions/A/Backup
0x000000000a870000 	/usr/lib/libarchive.2.dylib
0x000000000a870000 	/System/Library/Frameworks/CFNetwork.framework/Versions/A/CFNetwork
0x000000000a870000 	/System/Library/Frameworks/SystemConfiguration.framework/Versions/A/SystemConfiguration
0x000000000a870000 	/usr/lib/libCRFSuite.dylib
0x000000000a870000 	/usr/lib/libc++.1.dylib
0x000000000a870000 	/usr/lib/libc++abi.dylib
0x000000000a870000 	/usr/lib/system/libcache.dylib
0x000000000a870000 	/usr/lib/system/libcommonCrypto.dylib
0x000000000a870000 	/usr/lib/system/libcompiler_rt.dylib
0x000000000a870000 	/usr/lib/system/libcopyfile.dylib
0x000000000a870000 	/usr/lib/system/libcorecrypto.dylib
0x000000000a870000 	/usr/lib/system/libdispatch.dylib
0x000000000a870000 	/usr/lib/system/libdyld.dylib
0x000000000a870000 	/usr/lib/system/libkeymgr.dylib
0x000000000a870000 	/usr/lib/system/liblaunch.dylib
0x000000000a870000 	/usr/lib/system/libmacho.dylib
0x000000000a870000 	/usr/lib/system/libquarantine.dylib
0x000000000a870000 	/usr/lib/system/libremovefile.dylib
0x000000000a870000 	/usr/lib/system/libsystem_asl.dylib
0x000000000a870000 	/usr/lib/system/libsystem_blocks.dylib
0x000000000a870000 	/usr/lib/system/libsystem_c.dylib
0x000000000a870000 	/usr/lib/system/libsystem_configuration.dylib
0x000000000a870000 	/usr/lib/system/libsystem_coreservices.dylib
0x000000000a870000 	/usr/lib/system/libsystem_coretls.dylib
0x000000000a870000 	/usr/lib/system/libsystem_dnssd.dylib
0x000000000a870000 	/usr/lib/system/libsystem_info.dylib
0x000000000a870000 	/usr/lib/system/libsystem_kernel.dylib
0x000000000a870000 	/usr/lib/system/libsystem_m.dylib
0x000000000a870000 	/usr/lib/system/libsystem_malloc.dylib
0x000000000a870000 	/usr/lib/system/libsystem_network.dylib
0x000000000a870000 	/usr/lib/system/libsystem_networkextension.dylib
0x000000000a870000 	/usr/lib/system/libsystem_notify.dylib
0x000000000a870000 	/usr/lib/system/libsystem_platform.dylib
0x000000000a870000 	/usr/lib/system/libsystem_pthread.dylib
0x000000000a870000 	/usr/lib/system/libsystem_sandbox.dylib
0x000000000a870000 	/usr/lib/system/libsystem_secinit.dylib
0x000000000a870000 	/usr/lib/system/libsystem_stats.dylib
0x000000000a870000 	/usr/lib/system/libsystem_trace.dylib
0x000000000a870000 	/usr/lib/system/libunc.dylib
0x000000000a870000 	/usr/lib/system/libunwind.dylib
0x000000000a870000 	/usr/lib/system/libxpc.dylib
0x000000000a870000 	/usr/lib/libbz2.1.0.dylib
0x000000000a870000 	/usr/lib/liblzma.5.dylib
0x000000000a870000 	/usr/lib/libbsm.0.dylib
0x000000000a870000 	/usr/lib/libsqlite3.dylib
0x000000000a870000 	/usr/lib/system/libkxld.dylib
0x000000000a870000 	/usr/lib/libxar.1.dylib
0x000000000a870000 	/usr/lib/libpam.2.dylib
0x000000000a870000 	/usr/lib/libOpenScriptingUtil.dylib
0x000000000a870000 	/System/Library/Frameworks/CoreServices.framework/Versions/A/Frameworks/FSEvents.framework/Versions/A/FSEvents
0x000000000a870000 	/System/Library/Frameworks/CoreServices.framework/Versions/A/Frameworks/CarbonCore.framework/Versions/A/CarbonCore
0x000000000a870000 	/System/Library/Frameworks/CoreServices.framework/Versions/A/Frameworks/Metadata.framework/Versions/A/Metadata
0x000000000a870000 	/System/Library/Frameworks/CoreServices.framework/Versions/A/Frameworks/OSServices.framework/Versions/A/OSServices
0x000000000a870000 	/System/Library/Frameworks/CoreServices.framework/Versions/A/Frameworks/SearchKit.framework/Versions/A/SearchKit
0x000000000a870000 	/System/Library/Frameworks/CoreServices.framework/Versions/A/Frameworks/AE.framework/Versions/A/AE
0x000000000a870000 	/System/Library/Frameworks/CoreServices.framework/Versions/A/Frameworks/LaunchServices.framework/Versions/A/LaunchServices
0x000000000a870000 	/System/Library/Frameworks/CoreServices.framework/Versions/A/Frameworks/DictionaryServices.framework/Versions/A/DictionaryServices
0x000000000a870000 	/System/Library/Frameworks/NetFS.framework/Versions/A/NetFS
0x000000000a870000 	/System/Library/PrivateFrameworks/NetAuth.framework/Versions/A/NetAuth
0x000000000a870000 	/System/Library/PrivateFrameworks/login.framework/Versions/A/Frameworks/loginsupport.framework/Versions/A/loginsupport
0x000000000a870000 	/System/Library/PrivateFrameworks/TCC.framework/Versions/A/TCC
0x000000000a870000 	/usr/lib/libmecabra.dylib
0x000000000a870000 	/System/Library/Frameworks/ApplicationServices.framework/Versions/A/Frameworks/ATS.framework/Versions/A/ATS
0x000000000a870000 	/System/Library/Frameworks/ApplicationServices.framework/Versions/A/Frameworks/ColorSync.framework/Versions/A/ColorSync
0x000000000a870000 	/System/Library/Frameworks/ApplicationServices.framework/Versions/A/Frameworks/HIServices.framework/Versions/A/HIServices
0x000000000a870000 	/System/Library/Frameworks/ApplicationServices.framework/Versions/A/Frameworks/LangAnalysis.framework/Versions/A/LangAnalysis
0x000000000a870000 	/System/Library/Frameworks/ApplicationServices.framework/Versions/A/Frameworks/PrintCore.framework/Versions/A/PrintCore
0x000000000a870000 	/System/Library/Frameworks/ApplicationServices.framework/Versions/A/Frameworks/QD.framework/Versions/A/QD
0x000000000a870000 	/System/Library/Frameworks/ApplicationServices.framework/Versions/A/Frameworks/SpeechSynthesis.framework/Versions/A/SpeechSynthesis
0x000000000a870000 	/System/Library/Frameworks/Accelerate.framework/Versions/A/Accelerate
0x000000000a870000 	/System/Library/Frameworks/Accelerate.framework/Versions/A/Frameworks/vImage.framework/Versions/A/vImage
0x000000000a870000 	/System/Library/Frameworks/Accelerate.framework/Versions/A/Frameworks/vecLib.framework/Versions/A/vecLib
0x000000000a870000 	/System/Library/Frameworks/Accelerate.framework/Versions/A/Frameworks/vecLib.framework/Versions/A/libvDSP.dylib
0x000000000a870000 	/System/Library/Frameworks/Accelerate.framework/Versions/A/Frameworks/vecLib.framework/Versions/A/libvMisc.dylib
0x000000000a870000 	/System/Library/Frameworks/Accelerate.framework/Versions/A/Frameworks/vecLib.framework/Versions/A/libLAPACK.dylib
0x000000000a870000 	/System/Library/Frameworks/Accelerate.framework/Versions/A/Frameworks/vecLib.framework/Versions/A/libBLAS.dylib
0x000000000a870000 	/System/Library/Frameworks/Accelerate.framework/Versions/A/Frameworks/vecLib.framework/Versions/A/libLinearAlgebra.dylib
0x000000000a870000 	/System/Library/Frameworks/ApplicationServices.framework/Versions/A/Frameworks/ATS.framework/Versions/A/Resources/libFontParser.dylib
0x000000000a870000 	/System/Library/Frameworks/ApplicationServices.framework/Versions/A/Frameworks/ATS.framework/Versions/A/Resources/libFontRegistry.dylib
0x000000000a870000 	/System/Library/PrivateFrameworks/AppleVPA.framework/Versions/A/AppleVPA
0x000000000a870000 	/System/Library/PrivateFrameworks/AppleJPEG.framework/Versions/A/AppleJPEG
0x000000000a870000 	/System/Library/Frameworks/ImageIO.framework/Versions/A/Resources/libJPEG.dylib
0x000000000a870000 	/System/Library/Frameworks/ImageIO.framework/Versions/A/Resources/libTIFF.dylib
0x000000000a870000 	/System/Library/Frameworks/ImageIO.framework/Versions/A/Resources/libPng.dylib
0x000000000a870000 	/System/Library/Frameworks/ImageIO.framework/Versions/A/Resources/libGIF.dylib
0x000000000a870000 	/System/Library/Frameworks/ImageIO.framework/Versions/A/Resources/libJP2.dylib
0x000000000a870000 	/System/Library/Frameworks/ImageIO.framework/Versions/A/Resources/libRadiance.dylib
0x000000000a870000 	/System/Library/Frameworks/CoreVideo.framework/Versions/A/CoreVideo
0x000000000a870000 	/System/Library/Frameworks/OpenGL.framework/Versions/A/Libraries/libGLU.dylib
0x000000000a870000 	/System/Library/Frameworks/OpenGL.framework/Versions/A/Libraries/libGFXShared.dylib
0x000000000a870000 	/System/Library/Frameworks/OpenGL.framework/Versions/A/Libraries/libGL.dylib
0x000000000a870000 	/System/Library/Frameworks/OpenGL.framework/Versions/A/Libraries/libGLImage.dylib
0x000000000a870000 	/System/Library/Frameworks/OpenGL.framework/Versions/A/Libraries/libCVMSPluginSupport.dylib
0x000000000a870000 	/System/Library/Frameworks/OpenGL.framework/Versions/A/Libraries/libCoreVMClient.dylib
0x000000000a870000 	/usr/lib/libcups.2.dylib
0x000000000a870000 	/System/Library/Frameworks/Kerberos.framework/Versions/A/Kerberos
0x000000000a870000 	/System/Library/Frameworks/GSS.framework/Versions/A/GSS
0x000000000a870000 	/usr/lib/libresolv.9.dylib
0x000000000a870000 	/usr/lib/libiconv.2.dylib
0x000000000a870000 	/System/Library/PrivateFrameworks/Heimdal.framework/Versions/A/Heimdal
0x000000000a870000 	/usr/lib/libheimdal-asn1.dylib
0x000000000a870000 	/System/Library/Frameworks/OpenDirectory.framework/Versions/A/OpenDirectory
0x000000000a870000 	/System/Library/PrivateFrameworks/CommonAuth.framework/Versions/A/CommonAuth
0x000000000a870000 	/System/Library/Frameworks/OpenDirectory.framework/Versions/A/Frameworks/CFOpenDirectory.framework/Versions/A/CFOpenDirectory
0x000000000a870000 	/System/Library/Frameworks/SecurityFoundation.framework/Versions/A/SecurityFoundation
0x000000000a870000 	/System/Library/PrivateFrameworks/LanguageModeling.framework/Versions/A/LanguageModeling
0x000000000a870000 	/usr/lib/libcmph.dylib
0x000000000a870000 	/System/Library/Frameworks/ServiceManagement.framework/Versions/A/ServiceManagement
0x000000000a870000 	/usr/lib/libxslt.1.dylib
0x000000000a870000 	/System/Library/Frameworks/Carbon.framework/Versions/A/Frameworks/Ink.framework/Versions/A/Ink
0x000000000a870000 	/System/Library/Frameworks/QuartzCore.framework/Versions/A/Frameworks/CoreImage.framework/Versions/A/CoreImage
0x000000000a870000 	/System/Library/PrivateFrameworks/CrashReporterSupport.framework/Versions/A/CrashReporterSupport
0x000000000a870000 	/System/Library/Frameworks/OpenCL.framework/Versions/A/OpenCL
0x000000000a870000 	/System/Library/PrivateFrameworks/FaceCore.framework/Versions/A/FaceCore
0x000000000a870000 	/System/Library/PrivateFrameworks/Ubiquity.framework/Versions/A/Ubiquity
0x000000000a870000 	/System/Library/PrivateFrameworks/IconServices.framework/Versions/A/IconServices
0x000000000a870000 	/System/Library/PrivateFrameworks/ChunkingLibrary.framework/Versions/A/ChunkingLibrary
0x000000000a870000 	/System/Library/PrivateFrameworks/Apple80211.framework/Versions/A/Apple80211
0x000000000a870000 	/System/Library/Frameworks/CoreWLAN.framework/Versions/A/CoreWLAN
0x000000000a870000 	/System/Library/Frameworks/IOBluetooth.framework/Versions/A/IOBluetooth
0x000000000a870000 	/System/Library/PrivateFrameworks/CoreWiFi.framework/Versions/A/CoreWiFi
0x000000000a870000 	/System/Library/Frameworks/CoreBluetooth.framework/Versions/A/CoreBluetooth
0x000000000a870000 	/System/Library/PrivateFrameworks/DebugSymbols.framework/Versions/A/DebugSymbols
0x000000000a870000 	/System/Library/PrivateFrameworks/CoreSymbolication.framework/Versions/A/CoreSymbolication
0x000000000a870000 	/System/Library/PrivateFrameworks/Symbolication.framework/Versions/A/Symbolication
0x000000000a870000 	/System/Library/PrivateFrameworks/SpeechRecognitionCore.framework/Versions/A/SpeechRecognitionCore
0x000000010b600000 	/Library/Java/JavaVirtualMachines/jdk1.8.0_20.jdk/Contents/Home/jre/lib/server/libjvm.dylib
0x000000000a870000 	/usr/lib/libstdc++.6.dylib
0x000000010a552000 	/Library/Java/JavaVirtualMachines/jdk1.8.0_20.jdk/Contents/Home/jre/lib/libverify.dylib
0x000000010a560000 	/Library/Java/JavaVirtualMachines/jdk1.8.0_20.jdk/Contents/Home/jre/lib/libjava.dylib
0x000000010a59e000 	/Library/Java/JavaVirtualMachines/jdk1.8.0_20.jdk/Contents/Home/jre/lib/libzip.dylib
0x000000012809d000 	/System/Library/Frameworks/JavaVM.framework/Frameworks/JavaRuntimeSupport.framework/JavaRuntimeSupport
0x00000001280b3000 	/System/Library/Frameworks/JavaVM.framework/Versions/A/Frameworks/JavaNativeFoundation.framework/Versions/A/JavaNativeFoundation
0x00000001280c7000 	/System/Library/Frameworks/JavaVM.framework/Versions/A/JavaVM
0x000000000a870000 	/System/Library/Frameworks/Carbon.framework/Versions/A/Carbon
0x00000001280d3000 	/System/Library/PrivateFrameworks/JavaLaunching.framework/Versions/A/JavaLaunching
0x000000000a870000 	/System/Library/Frameworks/Carbon.framework/Versions/A/Frameworks/CommonPanels.framework/Versions/A/CommonPanels
0x000000000a870000 	/System/Library/Frameworks/Carbon.framework/Versions/A/Frameworks/Help.framework/Versions/A/Help
0x000000000a870000 	/System/Library/Frameworks/Carbon.framework/Versions/A/Frameworks/ImageCapture.framework/Versions/A/ImageCapture
0x000000000a870000 	/System/Library/Frameworks/Carbon.framework/Versions/A/Frameworks/OpenScripting.framework/Versions/A/OpenScripting
0x000000000a870000 	/System/Library/Frameworks/Carbon.framework/Versions/A/Frameworks/Print.framework/Versions/A/Print
0x000000000a870000 	/System/Library/Frameworks/Carbon.framework/Versions/A/Frameworks/SecurityHI.framework/Versions/A/SecurityHI
0x000000012a225000 	/Library/Java/JavaVirtualMachines/jdk1.8.0_20.jdk/Contents/Home/jre/lib/libawt.dylib
0x000000012a2d4000 	/Library/Java/JavaVirtualMachines/jdk1.8.0_20.jdk/Contents/Home/jre/lib/./libmlib_image.dylib
0x000000012a3a0000 	/Library/Java/JavaVirtualMachines/jdk1.8.0_20.jdk/Contents/Home/jre/lib/libawt_lwawt.dylib
0x000000012a453000 	/Library/Java/JavaVirtualMachines/jdk1.8.0_20.jdk/Contents/Home/jre/lib/./libosxapp.dylib
0x000000000a870000 	/System/Library/Frameworks/ExceptionHandling.framework/Versions/A/ExceptionHandling
0x000000000a870000 	/System/Library/PrivateFrameworks/CoreServicesInternal.framework/Versions/A/CoreServicesInternal
0x000000000a870000 	/System/Library/PrivateFrameworks/CloudDocs.framework/Versions/A/CloudDocs
0x000000000a870000 	/System/Library/PrivateFrameworks/CoreDuet.framework/Versions/A/CoreDuet
0x000000000a870000 	/System/Library/Frameworks/CloudKit.framework/Versions/A/CloudKit
0x000000000a870000 	/System/Library/PrivateFrameworks/ProtocolBuffer.framework/Versions/A/ProtocolBuffer
0x000000000a870000 	/System/Library/PrivateFrameworks/CoreDuetDaemonProtocol.framework/Versions/A/CoreDuetDaemonProtocol
0x000000000a870000 	/System/Library/PrivateFrameworks/CoreDuetDebugLogging.framework/Versions/A/CoreDuetDebugLogging
0x000000000a870000 	/System/Library/PrivateFrameworks/MMCS.framework/Versions/A/MMCS
0x000000000a870000 	/System/Library/Frameworks/CoreLocation.framework/Versions/A/CoreLocation
0x000000000a870000 	/System/Library/PrivateFrameworks/ProtectedCloudStorage.framework/Versions/A/ProtectedCloudStorage
0x000000000a870000 	/System/Library/PrivateFrameworks/GeoServices.framework/Versions/A/GeoServices
0x000000012bd66000 	/System/Library/Frameworks/CoreGraphics.framework/Versions/A/Resources/libCGCMS.A.dylib
0x000000012cb49000 	/System/Library/Frameworks/CoreGraphics.framework/Versions/A/Resources/libRIP.A.dylib
0x000000012cdda000 	/System/Library/Frameworks/CoreGraphics.framework/Versions/A/Resources/libCGXType.A.dylib
0x000000000a870000 	/System/Library/Frameworks/OpenCL.framework/Versions/A/Libraries/libcldcpuengine.dylib
0x000000000a870000 	/System/Library/PrivateFrameworks/DiskImages.framework/Versions/A/DiskImages
0x000000000a870000 	/System/Library/Frameworks/DiscRecording.framework/Versions/A/DiscRecording
0x000000000a870000 	/usr/lib/libcsfde.dylib
0x000000000a870000 	/usr/lib/libcurl.4.dylib
0x000000000a870000 	/System/Library/PrivateFrameworks/MediaKit.framework/Versions/A/MediaKit
0x000000000a870000 	/usr/lib/libCoreStorage.dylib
0x000000000a870000 	/System/Library/PrivateFrameworks/EFILogin.framework/Versions/A/EFILogin
0x000000000a870000 	/usr/lib/libutil.dylib
0x000000000a870000 	/System/Library/PrivateFrameworks/FindMyDevice.framework/Versions/A/FindMyDevice
0x000000000a870000 	/System/Library/Frameworks/LDAP.framework/Versions/A/LDAP
0x000000000a870000 	/usr/lib/libsasl2.2.dylib
0x000000000a870000 	/System/Library/PrivateFrameworks/CoreDaemon.framework/Versions/B/CoreDaemon
0x000000000a870000 	/usr/lib/libcrypto.0.9.8.dylib
0x000000000a870000 	/System/Library/PrivateFrameworks/AppleSRP.framework/Versions/A/AppleSRP
0x000000000a870000 	/System/Library/PrivateFrameworks/TrustEvaluationAgent.framework/Versions/A/TrustEvaluationAgent
0x000000012d84a000 	cl_kernels
0x000000012d84c000 	/System/Library/Frameworks/OpenCL.framework/Versions/A/Libraries/ImageFormats/unorm8_bgra.dylib
0x000000012d83b000 	cl_kernels
0x000000000a870000 	/System/Library/PrivateFrameworks/FamilyControls.framework/Versions/A/FamilyControls
0x000000000a870000 	/System/Library/PrivateFrameworks/CommerceKit.framework/Versions/A/Frameworks/CommerceCore.framework/Versions/A/CommerceCore
0x000000000a870000 	/System/Library/PrivateFrameworks/SystemAdministration.framework/Versions/A/SystemAdministration
0x000000000a870000 	/System/Library/PrivateFrameworks/AppContainer.framework/Versions/A/AppContainer
0x000000000a870000 	/System/Library/PrivateFrameworks/SecCodeWrapper.framework/Versions/A/SecCodeWrapper
0x000000000a870000 	/System/Library/Frameworks/DirectoryService.framework/Versions/A/DirectoryService
0x000000000a870000 	/System/Library/PrivateFrameworks/LoginUIKit.framework/Versions/A/Frameworks/LoginUICore.framework/Versions/A/LoginUICore
0x000000000a870000 	/usr/lib/libodfde.dylib
0x000000012ef74000 	/System/Library/Frameworks/OpenGL.framework/Resources/GLEngine.bundle/GLEngine
0x000000000a870000 	/System/Library/Frameworks/OpenGL.framework/Versions/A/Libraries/libGLProgrammability.dylib
0x0000000000000000 	/System/Library/Extensions/AppleIntelHD4000GraphicsGLDriver.bundle/Contents/MacOS/AppleIntelHD4000GraphicsGLDriver
0x000000000a870000 	/System/Library/PrivateFrameworks/IOAccelerator.framework/Versions/A/IOAccelerator
0x000000000a870000 	/System/Library/PrivateFrameworks/GPUSupport.framework/Versions/A/Libraries/libGPUSupportMercury.dylib
0x000000000a870000 	/System/Library/Frameworks/OpenGL.framework/Versions/A/Libraries//libLLVMContainer.dylib
0x0000000000000000 	/System/Library/Extensions/GeForceGLDriver.bundle/Contents/MacOS/GeForceGLDriver
0x000000000a870000 	/System/Library/Extensions/GeForceGLDriver.bundle/Contents/MacOS/libclh.dylib
0x000000012f55e000 	/System/Library/Frameworks/OpenGL.framework/Resources//GLRendererFloat.bundle/GLRendererFloat
0x0000000130ae1000 	/Library/Java/JavaVirtualMachines/jdk1.8.0_20.jdk/Contents/Home/jre/lib/libfontmanager.dylib
0x0000000130b47000 	/Library/Java/JavaVirtualMachines/jdk1.8.0_20.jdk/Contents/Home/jre/lib/libosxui.dylib
0x00000001359cb000 	/Library/Java/JavaVirtualMachines/jdk1.8.0_20.jdk/Contents/Home/jre/lib/libnet.dylib
0x0000000135a2a000 	/Library/Java/JavaVirtualMachines/jdk1.8.0_20.jdk/Contents/Home/jre/lib/libnio.dylib
0x0000000133c98000 	/private/var/folders/zz/4h11ztxx6n3b4cwyk3xq6t580000gn/T/jogamp_0000/file_cache/jln7620215109522248294/jln7562573874339306977/libgluegen-rt.jnilib
0x0000000138326000 	/private/var/folders/zz/4h11ztxx6n3b4cwyk3xq6t580000gn/T/jogamp_0000/file_cache/jln7620215109522248294/jln7562573874339306977/libnativewindow_awt.jnilib
0x000000013832a000 	/Library/Java/JavaVirtualMachines/jdk1.8.0_20.jdk/Contents/Home/jre/lib/libjawt.dylib
0x000000013832d000 	/private/var/folders/zz/4h11ztxx6n3b4cwyk3xq6t580000gn/T/jogamp_0000/file_cache/jln7620215109522248294/jln7562573874339306977/libnativewindow_macosx.jnilib
0x000000013853b000 	/private/var/folders/zz/4h11ztxx6n3b4cwyk3xq6t580000gn/T/jogamp_0000/file_cache/jln7620215109522248294/jln7562573874339306977/libjogl_desktop.jnilib

VM Arguments:
jvm_args: -Dfile.encoding=UTF-8 
java_command: softmodelling.SoftModelling
java_class_path (initial): /Users/manueljimenezgarcia/git/SoftModelling/SoftModelling_Tools/bin:/Users/manueljimenezgarcia/git/SoftModelling/SoftModelling_Tools/lib/base/dxf/dxf.jar:/Users/manueljimenezgarcia/git/SoftModelling/SoftModelling_Tools/lib/base/minim/jl1.0.jar:/Users/manueljimenezgarcia/git/SoftModelling/SoftModelling_Tools/lib/base/minim/jsminim.jar:/Users/manueljimenezgarcia/git/SoftModelling/SoftModelling_Tools/lib/base/minim/minim.jar:/Users/manueljimenezgarcia/git/SoftModelling/SoftModelling_Tools/lib/base/minim/mp3spi1.9.4.jar:/Users/manueljimenezgarcia/git/SoftModelling/SoftModelling_Tools/lib/base/minim/tritonus_aos.jar:/Users/manueljimenezgarcia/git/SoftModelling/SoftModelling_Tools/lib/base/minim/tritonus_share.jar:/Users/manueljimenezgarcia/git/SoftModelling/SoftModelling_Tools/lib/base/net/net.jar:/Users/manueljimenezgarcia/git/SoftModelling/SoftModelling_Tools/lib/base/pdf/itext.jar:/Users/manueljimenezgarcia/git/SoftModelling/SoftModelling_Tools/lib/base/pdf/pdf.jar:/Users/manueljimenezgarcia/git/SoftModelling/SoftModelling_Tools/lib/base/serial/RXTXcomm.jar:/Users/manueljimenezgarcia/git/SoftModelling/SoftModelling_Tools/lib/base/serial/serial.jar:/Users/manueljimenezgarcia/git/SoftModelling/SoftModelling_Tools/lib/base/video/gstreamer-java.jar:/Users/manueljimenezgarcia/git/SoftModelling/SoftModelling_Tools/lib/base/video/jna.jar:/Users/manueljimenezgarcia/git/SoftModelling/SoftModelling_Tools/lib/base/video/video.jar:/Users/manueljimenezgarcia/git/SoftModelling/SoftModelling_Tools/lib/base/core/core.jar:/Users/manueljimenezgarcia/git/SoftModelling/SoftModelling_Tools/lib/base/core/gluegen-rt-natives-linux-amd64.jar:/Users/manueljimenezgarcia/git/SoftModelling/SoftModelling_Tools/lib/base/core/gluegen-rt-natives-linux-armv6hf.jar:/Users/manueljimenezgarcia/git/SoftModelling/SoftModelling_Tools/lib/base/core/gluegen-rt-natives-linux-i586.jar:/Users/manueljimenezgarcia/git/SoftModelling/SoftModelling_Tools/lib/base/core/gluegen-rt-natives-
Launcher Type: SUN_STANDARD

Environment Variables:
PATH=/usr/bin:/bin:/usr/sbin:/sbin
SHELL=/bin/bash

Signal Handlers:
SIGSEGV: [libjvm.dylib+0x579007], sa_mask[0]=11111111011111110111111111111111, sa_flags=SA_ONSTACK|SA_RESTART|SA_SIGINFO
SIGBUS: [libjvm.dylib+0x579007], sa_mask[0]=11111111011111110111111111111111, sa_flags=SA_RESTART|SA_SIGINFO
SIGFPE: [libjvm.dylib+0x45ab3c], sa_mask[0]=11111111011111110111111111111111, sa_flags=SA_RESTART|SA_SIGINFO
SIGPIPE: [libjvm.dylib+0x45ab3c], sa_mask[0]=11111111011111110111111111111111, sa_flags=SA_RESTART|SA_SIGINFO
SIGXFSZ: [libjvm.dylib+0x45ab3c], sa_mask[0]=11111111011111110111111111111111, sa_flags=SA_RESTART|SA_SIGINFO
SIGILL: [libjvm.dylib+0x45ab3c], sa_mask[0]=11111111011111110111111111111111, sa_flags=SA_RESTART|SA_SIGINFO
SIGUSR1: SIG_DFL, sa_mask[0]=00000000000000000000000000000000, sa_flags=none
SIGUSR2: [libjvm.dylib+0x45a65a], sa_mask[0]=00100000000000000000000000000000, sa_flags=SA_RESTART|SA_SIGINFO
SIGHUP: [libjvm.dylib+0x458c2d], sa_mask[0]=11111111011111110111111111111111, sa_flags=SA_RESTART|SA_SIGINFO
SIGINT: [libjvm.dylib+0x458c2d], sa_mask[0]=11111111011111110111111111111111, sa_flags=SA_RESTART|SA_SIGINFO
SIGTERM: [libjvm.dylib+0x458c2d], sa_mask[0]=11111111011111110111111111111111, sa_flags=SA_RESTART|SA_SIGINFO
SIGQUIT: [libjvm.dylib+0x458c2d], sa_mask[0]=11111111011111110111111111111111, sa_flags=SA_RESTART|SA_SIGINFO


---------------  S Y S T E M  ---------------

OS:Bsduname:Darwin 14.3.0 Darwin Kernel Version 14.3.0: Thu Jan 22 23:54:42 PST 2015; root:xnu-2782.20.26~5/RELEASE_X86_64 x86_64
rlimit: STACK 8192k, CORE 0k, NPROC 709, NOFILE 10240, AS infinity
load average:3.00 3.04 3.03

CPU:total 8 (4 cores per cpu, 2 threads per core) family 6 model 58 stepping 9, cmov, cx8, fxsr, mmx, sse, sse2, sse3, ssse3, sse4.1, sse4.2, popcnt, avx, aes, clmul, erms, ht, tsc, tscinvbit, tscinv

Memory: 4k page, physical 16777216k(1714848k free)

/proc/meminfo:


vm_info: Java HotSpot(TM) 64-Bit Server VM (25.20-b22) for bsd-amd64 JRE (1.8.0_20-ea-b23), built on Jul 15 2014 22:51:20 by "java_re" with gcc 4.2.1 (Based on Apple Inc. build 5658) (LLVM build 2336.9.00)

time: Sun Mar  1 22:21:24 2015
elapsed time: 3 seconds (0d 0h 0m 3s)

